     1                                 %line 1+1 print.asm
     2                                 
     3                                 
     4                                 
     5                                 
     6                                 
     7                                 
     8                                 
     9                                 
    10                                 
    11                                 
    12                                 
    13                                 [section .data]
    14                                 LF equ 10
    15                                 NULL equ 0
    16                                 SYS_exit equ 60
    17                                 EXIT_SUCCESS equ 0
    18 00000000 31202B2032202B2033-    str1 db "1 + 2 + 3 +...+ 99 = ", NULL
    19 00000000 202B2E2E2E2B203939-
    20 00000000 203D2000           
    21 00000016 0000                   sum dw 0
    22 00000018 303030300A00           ascii db "0000", LF, NULL
    23                                 
    24                                 [section .text]
    25                                 [global _start]
    26                                 _start:
    27 00000000 6631C9                  xor cx, cx
    28 00000003 66FFC1                  inc cx
    29                                 next1:
    30 00000006 66010C25[00000000]      add word[sum], cx
    31 0000000E 66FFC1                  inc cx
    32 00000011 6683F963                cmp cx, 99
    33 00000015 76ED                    jbe next1
    34                                 
    35                                 
    36 00000017 48C7C103000000          mov rcx, 3
    37 0000001E 668B0425[00000000]      mov ax, word[sum]
    38                                 next2:
    39 00000026 66BA0000                mov dx, 0
    40 0000002A 66BB0A00                mov bx, 10
    41 0000002E 66F7F3                  div bx
    42 00000031 660191[00000000]        add word[ascii+rcx], dx
    43 00000038 48FFC9                  dec rcx
    44 0000003B 4883F900                cmp rcx, 0
    45 0000003F 7DE3                    jge next2
    46                                 
    47                                 
    48 00000041 48C7C001000000          mov rax, 1
    49 00000048 48C7C701000000          mov rdi, 1
    50 0000004F 48C7C6[00000000]        mov rsi, str1
    51 00000056 48C7C215000000          mov rdx, 21
    52 0000005D 0F05                    syscall
    53                                 
    54                                 
    55 0000005F 48C7C001000000          mov rax, 1
    56 00000066 48C7C701000000          mov rdi, 1
    57 0000006D 48C7C6[00000000]        mov rsi, ascii
    58 00000074 48C7C205000000          mov rdx, 5
    59 0000007B 0F05                    syscall
    60                                 
    61                                 
    62 0000007D 48C7C03C000000          mov rax, SYS_exit
    63 00000084 48C7C700000000          mov rdi, EXIT_SUCCESS
    64 0000008B 0F05                    syscall
