     1                                 %line 1+1 addition.asm
     2                                 
     3                                 
     4                                 
     5                                 
     6                                 [section .data]
     7                                 SYS_exit equ 60
     8                                 EXIT_SUCCESS equ 0
     9 00000000 50C3                   num1 dw 50000
    10 00000002 409C                   num2 dw 40000
    11 00000004 00000000               sum dd 0
    12                                 
    13                                 [section .text]
    14                                 [global _start]
    15                                 _start:
    16 00000000 66BA0000                mov dx, 0
    17 00000004 668B0425[00000000]      mov ax, word[num1]
    18 0000000C 66030425[00000000]      add ax, word[num2]
    19 00000014 6683D200                adc dx, 0
    20 00000018 66890425[00000000]      mov [sum], ax
    21 00000020 66891425[02000000]      mov [sum+2], dx
    22                                 
    23 00000028 48C7C03C000000          mov rax, SYS_exit
    24 0000002F 48C7C700000000          mov rdi, EXIT_SUCCESS
    25 00000036 0F05                    syscall
